<?xml version="1.0" encoding="UTF-8"?>
<!-- Generated by org.testng.reporters.JUnitReportReporter -->
<testsuite hostname="RAM-HPLaptop" name="com.dv.tc.SearchTC" tests="1" failures="0" timestamp="27 Dec 2020 15:20:04 GMT" time="8.906" errors="0">
  <testcase name="search" time="8.906" classname="com.dv.tc.SearchTC"/>
</testsuite> <!-- com.dv.tc.SearchTC -->
