<?xml version="1.0" encoding="UTF-8"?>
<!-- Generated by org.testng.reporters.JUnitReportReporter -->
<testsuite skipped="0" hostname="RAM-HPLaptop" name="com.dv.tc.SearchTC" tests="1" failures="0" timestamp="2020-12-28T16:57:06 EST" time="8.965" errors="0">
  <testcase name="search" time="8.965" classname="com.dv.tc.SearchTC"/>
</testsuite> <!-- com.dv.tc.SearchTC -->
