<?xml version="1.0" encoding="UTF-8"?>
<!-- Generated by org.testng.reporters.JUnitReportReporter -->
<testsuite skipped="0" hostname="RAM-HPLaptop" name="com.dv.tc.SearchTC" tests="1" failures="0" timestamp="28 Dec 2020 21:58:01 GMT" time="7.866" errors="0">
  <testcase name="search" time="7.866" classname="com.dv.tc.SearchTC"/>
</testsuite> <!-- com.dv.tc.SearchTC -->
